11:42:05,711 (AWT-EventQueue-0) INFO  [uniandes.isis2304.parranderos.negocio.Parranderos] - Limpiando la BD de Parranderos
11:42:05,809 (AWT-EventQueue-0) INFO  [uniandes.isis2304.parranderos.persistencia.PersistenciaParranderos] - Borrada la base de datos
11:42:05,810 (AWT-EventQueue-0) INFO  [uniandes.isis2304.parranderos.negocio.Parranderos] - Limpiando la BD de Parranderos: Listo!
18:06:07,861 (main) INFO  [uniandes.isis2304.superandes.test.ConexionTest] - Probando el acceso a la base de datos con datos v谩lidos (BD, credenciales, esquema
18:06:07,911 (main) INFO  [uniandes.isis2304.superandes.test.ConexionTest] - Se encontr贸 un archivo de configuraci贸n de tablas v谩lido
18:06:08,094 (main) INFO  [uniandes.isis2304.superandes.test.ConexionTest] - Prueba de acceso normal FALL !!. La excepci贸n generada es: javax.jdo.JDOFatalUserException
18:06:08,094 (main) INFO  [uniandes.isis2304.superandes.test.ConexionTest] - La causa es: javax.jdo.JDOUserException: Has elegido un PMF con nonbre de "persistence-unit" de "Superandes" (pero no existe!) a has llamado a JDOHelper.getPersistenceManagerFactory con "Superandes" como el nombre de un archivo de propiedades (que no existe en el CLASSPATH)
NestedThrowables:
org.datanucleus.exceptions.NucleusException: No puede leer Meta-Data input "El tipo de elemento "property" debe finalizar por la etiqueta final coincidente "</property>".
org.xml.sax.SAXParseException; lineNumber: 21; columnNumber: 11; El tipo de elemento "property" debe finalizar por la etiqueta final coincidente "</property>".
	at com.sun.org.apache.xerces.internal.util.ErrorHandlerWrapper.createSAXParseException(Unknown Source)
	at com.sun.org.apache.xerces.internal.util.ErrorHandlerWrapper.fatalError(Unknown Source)
	at com.sun.org.apache.xerces.internal.impl.XMLErrorReporter.reportError(Unknown Source)
	at com.sun.org.apache.xerces.internal.impl.XMLErrorReporter.reportError(Unknown Source)
	at com.sun.org.apache.xerces.internal.impl.XMLScanner.reportFatalError(Unknown Source)
	at com.sun.org.apache.xerces.internal.impl.XMLDocumentFragmentScannerImpl.scanEndElement(Unknown Source)
	at com.sun.org.apache.xerces.internal.impl.XMLDocumentFragmentScannerImpl$FragmentContentDriver.next(Unknown Source)
	at com.sun.org.apache.xerces.internal.impl.XMLDocumentScannerImpl.next(Unknown Source)
	at com.sun.org.apache.xerces.internal.impl.XMLNSDocumentScannerImpl.next(Unknown Source)
	at com.sun.org.apache.xerces.internal.impl.XMLDocumentFragmentScannerImpl.scanDocument(Unknown Source)
	at com.sun.org.apache.xerces.internal.parsers.XML11Configuration.parse(Unknown Source)
	at com.sun.org.apache.xerces.internal.parsers.XML11Configuration.parse(Unknown Source)
	at com.sun.org.apache.xerces.internal.parsers.XMLParser.parse(Unknown Source)
	at com.sun.org.apache.xerces.internal.parsers.AbstractSAXParser.parse(Unknown Source)
	at com.sun.org.apache.xerces.internal.jaxp.SAXParserImpl$JAXPSAXParser.parse(Unknown Source)
	at com.sun.org.apache.xerces.internal.jaxp.SAXParserImpl.parse(Unknown Source)
	at javax.xml.parsers.SAXParser.parse(Unknown Source)
	at org.datanucleus.metadata.xml.MetaDataParser.parseMetaDataStream(MetaDataParser.java:290)
	at org.datanucleus.metadata.xml.MetaDataParser.parseMetaDataURL(MetaDataParser.java:190)
	at org.datanucleus.metadata.MetaDataUtils.parsePersistenceFiles(MetaDataUtils.java:848)
	at org.datanucleus.metadata.MetaDataUtils.getMetaDataForPersistenceUnit(MetaDataUtils.java:873)
	at org.datanucleus.api.jdo.JDOPersistenceManagerFactory.<init>(JDOPersistenceManagerFactory.java:476)
	at org.datanucleus.api.jdo.JDOPersistenceManagerFactory.createPersistenceManagerFactory(JDOPersistenceManagerFactory.java:316)
	at org.datanucleus.api.jdo.JDOPersistenceManagerFactory.getPersistenceManagerFactory(JDOPersistenceManagerFactory.java:225)
	at sun.reflect.NativeMethodAccessorImpl.invoke0(Native Method)
	at sun.reflect.NativeMethodAccessorImpl.invoke(Unknown Source)
	at sun.reflect.DelegatingMethodAccessorImpl.invoke(Unknown Source)
	at java.lang.reflect.Method.invoke(Unknown Source)
	at javax.jdo.JDOHelper$16.run(JDOHelper.java:1975)
	at java.security.AccessController.doPrivileged(Native Method)
	at javax.jdo.JDOHelper.invoke(JDOHelper.java:1970)
	at javax.jdo.JDOHelper.invokeGetPersistenceManagerFactoryOnImplementation(JDOHelper.java:1177)
	at javax.jdo.JDOHelper.getPersistenceManagerFactory(JDOHelper.java:851)
	at javax.jdo.JDOHelper.getPersistenceManagerFactory(JDOHelper.java:1109)
	at javax.jdo.JDOHelper.getPersistenceManagerFactory(JDOHelper.java:924)
	at uniandes.isis2304.superandes.persistencia.PersistenciaSuperandes.<init>(PersistenciaSuperandes.java:106)
	at uniandes.isis2304.superandes.persistencia.PersistenciaSuperandes.getInstance(PersistenciaSuperandes.java:130)
	at uniandes.isis2304.superandes.negocio.Superandes.<init>(Superandes.java:50)
	at uniandes.isis2304.superandes.test.ConexionTest.accessTest(ConexionTest.java:51)
	at sun.reflect.NativeMethodAccessorImpl.invoke0(Native Method)
	at sun.reflect.NativeMethodAccessorImpl.invoke(Unknown Source)
	at sun.reflect.DelegatingMethodAccessorImpl.invoke(Unknown Source)
	at java.lang.reflect.Method.invoke(Unknown Source)
	at org.junit.runners.model.FrameworkMethod$1.runReflectiveCall(FrameworkMethod.java:50)
	at org.junit.internal.runners.model.ReflectiveCallable.run(ReflectiveCallable.java:12)
	at org.junit.runners.model.FrameworkMethod.invokeExplosively(FrameworkMethod.java:47)
	at org.junit.internal.runners.statements.InvokeMethod.evaluate(InvokeMethod.java:17)
	at org.junit.runners.ParentRunner.runLeaf(ParentRunner.java:325)
	at org.junit.runners.BlockJUnit4ClassRunner.runChild(BlockJUnit4ClassRunner.java:78)
	at org.junit.runners.BlockJUnit4ClassRunner.runChild(BlockJUnit4ClassRunner.java:57)
	at org.junit.runners.ParentRunner$3.run(ParentRunner.java:290)
	at org.junit.runners.ParentRunner$1.schedule(ParentRunner.java:71)
	at org.junit.runners.ParentRunner.runChildren(ParentRunner.java:288)
	at org.junit.runners.ParentRunner.access$000(ParentRunner.java:58)
	at org.junit.runners.ParentRunner$2.evaluate(ParentRunner.java:268)
	at org.junit.runners.ParentRunner.run(ParentRunner.java:363)
	at org.eclipse.jdt.internal.junit4.runner.JUnit4TestReference.run(JUnit4TestReference.java:86)
	at org.eclipse.jdt.internal.junit.runner.TestExecution.run(TestExecution.java:38)
	at org.eclipse.jdt.internal.junit.runner.RemoteTestRunner.runTests(RemoteTestRunner.java:459)
	at org.eclipse.jdt.internal.junit.runner.RemoteTestRunner.runTests(RemoteTestRunner.java:678)
	at org.eclipse.jdt.internal.junit.runner.RemoteTestRunner.run(RemoteTestRunner.java:382)
	at org.eclipse.jdt.internal.junit.runner.RemoteTestRunner.main(RemoteTestRunner.java:192)
"
18:06:08,098 (main) INFO  [uniandes.isis2304.superandes.test.ConexionTest] - VOYYP Probando el acceso a la base de datos con una base de datos que no existe
18:06:08,098 (main) INFO  [uniandes.isis2304.superandes.test.ConexionTest] - Se encontr贸 un archivo de configuraci贸n de tablas v谩lido
18:06:08,123 (main) INFO  [uniandes.isis2304.superandes.test.ConexionTest] - Prueba realizada exitosamente. La excepcin generada es: javax.jdo.JDOFatalUserException
18:06:08,123 (main) INFO  [uniandes.isis2304.superandes.test.ConexionTest] - La causa es: javax.jdo.JDOUserException: Has elegido un PMF con nonbre de "persistence-unit" de "Superandes" (pero no existe!) a has llamado a JDOHelper.getPersistenceManagerFactory con "Superandes" como el nombre de un archivo de propiedades (que no existe en el CLASSPATH)
NestedThrowables:
org.datanucleus.exceptions.NucleusException: No puede leer Meta-Data input "El tipo de elemento "property" debe finalizar por la etiqueta final coincidente "</property>".
org.xml.sax.SAXParseException; lineNumber: 21; columnNumber: 11; El tipo de elemento "property" debe finalizar por la etiqueta final coincidente "</property>".
	at com.sun.org.apache.xerces.internal.util.ErrorHandlerWrapper.createSAXParseException(Unknown Source)
	at com.sun.org.apache.xerces.internal.util.ErrorHandlerWrapper.fatalError(Unknown Source)
	at com.sun.org.apache.xerces.internal.impl.XMLErrorReporter.reportError(Unknown Source)
	at com.sun.org.apache.xerces.internal.impl.XMLErrorReporter.reportError(Unknown Source)
	at com.sun.org.apache.xerces.internal.impl.XMLScanner.reportFatalError(Unknown Source)
	at com.sun.org.apache.xerces.internal.impl.XMLDocumentFragmentScannerImpl.scanEndElement(Unknown Source)
	at com.sun.org.apache.xerces.internal.impl.XMLDocumentFragmentScannerImpl$FragmentContentDriver.next(Unknown Source)
	at com.sun.org.apache.xerces.internal.impl.XMLDocumentScannerImpl.next(Unknown Source)
	at com.sun.org.apache.xerces.internal.impl.XMLNSDocumentScannerImpl.next(Unknown Source)
	at com.sun.org.apache.xerces.internal.impl.XMLDocumentFragmentScannerImpl.scanDocument(Unknown Source)
	at com.sun.org.apache.xerces.internal.parsers.XML11Configuration.parse(Unknown Source)
	at com.sun.org.apache.xerces.internal.parsers.XML11Configuration.parse(Unknown Source)
	at com.sun.org.apache.xerces.internal.parsers.XMLParser.parse(Unknown Source)
	at com.sun.org.apache.xerces.internal.parsers.AbstractSAXParser.parse(Unknown Source)
	at com.sun.org.apache.xerces.internal.jaxp.SAXParserImpl$JAXPSAXParser.parse(Unknown Source)
	at com.sun.org.apache.xerces.internal.jaxp.SAXParserImpl.parse(Unknown Source)
	at javax.xml.parsers.SAXParser.parse(Unknown Source)
	at org.datanucleus.metadata.xml.MetaDataParser.parseMetaDataStream(MetaDataParser.java:290)
	at org.datanucleus.metadata.xml.MetaDataParser.parseMetaDataURL(MetaDataParser.java:190)
	at org.datanucleus.metadata.MetaDataUtils.parsePersistenceFiles(MetaDataUtils.java:848)
	at org.datanucleus.metadata.MetaDataUtils.getMetaDataForPersistenceUnit(MetaDataUtils.java:873)
	at org.datanucleus.api.jdo.JDOPersistenceManagerFactory.<init>(JDOPersistenceManagerFactory.java:476)
	at org.datanucleus.api.jdo.JDOPersistenceManagerFactory.createPersistenceManagerFactory(JDOPersistenceManagerFactory.java:316)
	at org.datanucleus.api.jdo.JDOPersistenceManagerFactory.getPersistenceManagerFactory(JDOPersistenceManagerFactory.java:225)
	at sun.reflect.NativeMethodAccessorImpl.invoke0(Native Method)
	at sun.reflect.NativeMethodAccessorImpl.invoke(Unknown Source)
	at sun.reflect.DelegatingMethodAccessorImpl.invoke(Unknown Source)
	at java.lang.reflect.Method.invoke(Unknown Source)
	at javax.jdo.JDOHelper$16.run(JDOHelper.java:1975)
	at java.security.AccessController.doPrivileged(Native Method)
	at javax.jdo.JDOHelper.invoke(JDOHelper.java:1970)
	at javax.jdo.JDOHelper.invokeGetPersistenceManagerFactoryOnImplementation(JDOHelper.java:1177)
	at javax.jdo.JDOHelper.getPersistenceManagerFactory(JDOHelper.java:851)
	at javax.jdo.JDOHelper.getPersistenceManagerFactory(JDOHelper.java:1109)
	at javax.jdo.JDOHelper.getPersistenceManagerFactory(JDOHelper.java:924)
	at uniandes.isis2304.superandes.persistencia.PersistenciaSuperandes.<init>(PersistenciaSuperandes.java:106)
	at uniandes.isis2304.superandes.persistencia.PersistenciaSuperandes.getInstance(PersistenciaSuperandes.java:130)
	at uniandes.isis2304.superandes.negocio.Superandes.<init>(Superandes.java:50)
	at uniandes.isis2304.superandes.test.ConexionTest.baseDatosInaccesible(ConexionTest.java:76)
	at sun.reflect.NativeMethodAccessorImpl.invoke0(Native Method)
	at sun.reflect.NativeMethodAccessorImpl.invoke(Unknown Source)
	at sun.reflect.DelegatingMethodAccessorImpl.invoke(Unknown Source)
	at java.lang.reflect.Method.invoke(Unknown Source)
	at org.junit.runners.model.FrameworkMethod$1.runReflectiveCall(FrameworkMethod.java:50)
	at org.junit.internal.runners.model.ReflectiveCallable.run(ReflectiveCallable.java:12)
	at org.junit.runners.model.FrameworkMethod.invokeExplosively(FrameworkMethod.java:47)
	at org.junit.internal.runners.statements.InvokeMethod.evaluate(InvokeMethod.java:17)
	at org.junit.runners.ParentRunner.runLeaf(ParentRunner.java:325)
	at org.junit.runners.BlockJUnit4ClassRunner.runChild(BlockJUnit4ClassRunner.java:78)
	at org.junit.runners.BlockJUnit4ClassRunner.runChild(BlockJUnit4ClassRunner.java:57)
	at org.junit.runners.ParentRunner$3.run(ParentRunner.java:290)
	at org.junit.runners.ParentRunner$1.schedule(ParentRunner.java:71)
	at org.junit.runners.ParentRunner.runChildren(ParentRunner.java:288)
	at org.junit.runners.ParentRunner.access$000(ParentRunner.java:58)
	at org.junit.runners.ParentRunner$2.evaluate(ParentRunner.java:268)
	at org.junit.runners.ParentRunner.run(ParentRunner.java:363)
	at org.eclipse.jdt.internal.junit4.runner.JUnit4TestReference.run(JUnit4TestReference.java:86)
	at org.eclipse.jdt.internal.junit.runner.TestExecution.run(TestExecution.java:38)
	at org.eclipse.jdt.internal.junit.runner.RemoteTestRunner.runTests(RemoteTestRunner.java:459)
	at org.eclipse.jdt.internal.junit.runner.RemoteTestRunner.runTests(RemoteTestRunner.java:678)
	at org.eclipse.jdt.internal.junit.runner.RemoteTestRunner.run(RemoteTestRunner.java:382)
	at org.eclipse.jdt.internal.junit.runner.RemoteTestRunner.main(RemoteTestRunner.java:192)
"
18:10:25,858 (main) INFO  [uniandes.isis2304.superandes.test.ConexionTest] - Probando el acceso a la base de datos con datos v谩lidos (BD, credenciales, esquema
18:10:25,914 (main) INFO  [uniandes.isis2304.superandes.test.ConexionTest] - Se encontr贸 un archivo de configuraci贸n de tablas v谩lido
18:10:26,096 (main) INFO  [uniandes.isis2304.superandes.test.ConexionTest] - Prueba de acceso normal FALL !!. La excepci贸n generada es: javax.jdo.JDOFatalUserException
18:10:26,097 (main) INFO  [uniandes.isis2304.superandes.test.ConexionTest] - La causa es: javax.jdo.JDOUserException: Has elegido un PMF con nonbre de "persistence-unit" de "Superandes" (pero no existe!) a has llamado a JDOHelper.getPersistenceManagerFactory con "Superandes" como el nombre de un archivo de propiedades (que no existe en el CLASSPATH)
NestedThrowables:
org.datanucleus.exceptions.NucleusException: No puede leer Meta-Data input "org.datanucleus.metadata.PersistenceFileMetaData cannot be cast to org.datanucleus.metadata.PersistenceUnitMetaData
java.lang.ClassCastException: org.datanucleus.metadata.PersistenceFileMetaData cannot be cast to org.datanucleus.metadata.PersistenceUnitMetaData
	at org.datanucleus.metadata.xml.PersistenceFileMetaDataHandler.startElement(PersistenceFileMetaDataHandler.java:128)
	at com.sun.org.apache.xerces.internal.parsers.AbstractSAXParser.startElement(Unknown Source)
	at com.sun.org.apache.xerces.internal.impl.XMLNSDocumentScannerImpl.scanStartElement(Unknown Source)
	at com.sun.org.apache.xerces.internal.impl.XMLNSDocumentScannerImpl$NSContentDriver.scanRootElementHook(Unknown Source)
	at com.sun.org.apache.xerces.internal.impl.XMLDocumentFragmentScannerImpl$FragmentContentDriver.next(Unknown Source)
	at com.sun.org.apache.xerces.internal.impl.XMLDocumentScannerImpl$PrologDriver.next(Unknown Source)
	at com.sun.org.apache.xerces.internal.impl.XMLDocumentScannerImpl.next(Unknown Source)
	at com.sun.org.apache.xerces.internal.impl.XMLNSDocumentScannerImpl.next(Unknown Source)
	at com.sun.org.apache.xerces.internal.impl.XMLDocumentFragmentScannerImpl.scanDocument(Unknown Source)
	at com.sun.org.apache.xerces.internal.parsers.XML11Configuration.parse(Unknown Source)
	at com.sun.org.apache.xerces.internal.parsers.XML11Configuration.parse(Unknown Source)
	at com.sun.org.apache.xerces.internal.parsers.XMLParser.parse(Unknown Source)
	at com.sun.org.apache.xerces.internal.parsers.AbstractSAXParser.parse(Unknown Source)
	at com.sun.org.apache.xerces.internal.jaxp.SAXParserImpl$JAXPSAXParser.parse(Unknown Source)
	at com.sun.org.apache.xerces.internal.jaxp.SAXParserImpl.parse(Unknown Source)
	at javax.xml.parsers.SAXParser.parse(Unknown Source)
	at org.datanucleus.metadata.xml.MetaDataParser.parseMetaDataStream(MetaDataParser.java:290)
	at org.datanucleus.metadata.xml.MetaDataParser.parseMetaDataURL(MetaDataParser.java:190)
	at org.datanucleus.metadata.MetaDataUtils.parsePersistenceFiles(MetaDataUtils.java:848)
	at org.datanucleus.metadata.MetaDataUtils.getMetaDataForPersistenceUnit(MetaDataUtils.java:873)
	at org.datanucleus.api.jdo.JDOPersistenceManagerFactory.<init>(JDOPersistenceManagerFactory.java:476)
	at org.datanucleus.api.jdo.JDOPersistenceManagerFactory.createPersistenceManagerFactory(JDOPersistenceManagerFactory.java:316)
	at org.datanucleus.api.jdo.JDOPersistenceManagerFactory.getPersistenceManagerFactory(JDOPersistenceManagerFactory.java:225)
	at sun.reflect.NativeMethodAccessorImpl.invoke0(Native Method)
	at sun.reflect.NativeMethodAccessorImpl.invoke(Unknown Source)
	at sun.reflect.DelegatingMethodAccessorImpl.invoke(Unknown Source)
	at java.lang.reflect.Method.invoke(Unknown Source)
	at javax.jdo.JDOHelper$16.run(JDOHelper.java:1975)
	at java.security.AccessController.doPrivileged(Native Method)
	at javax.jdo.JDOHelper.invoke(JDOHelper.java:1970)
	at javax.jdo.JDOHelper.invokeGetPersistenceManagerFactoryOnImplementation(JDOHelper.java:1177)
	at javax.jdo.JDOHelper.getPersistenceManagerFactory(JDOHelper.java:851)
	at javax.jdo.JDOHelper.getPersistenceManagerFactory(JDOHelper.java:1109)
	at javax.jdo.JDOHelper.getPersistenceManagerFactory(JDOHelper.java:924)
	at uniandes.isis2304.superandes.persistencia.PersistenciaSuperandes.<init>(PersistenciaSuperandes.java:106)
	at uniandes.isis2304.superandes.persistencia.PersistenciaSuperandes.getInstance(PersistenciaSuperandes.java:130)
	at uniandes.isis2304.superandes.negocio.Superandes.<init>(Superandes.java:50)
	at uniandes.isis2304.superandes.test.ConexionTest.accessTest(ConexionTest.java:51)
	at sun.reflect.NativeMethodAccessorImpl.invoke0(Native Method)
	at sun.reflect.NativeMethodAccessorImpl.invoke(Unknown Source)
	at sun.reflect.DelegatingMethodAccessorImpl.invoke(Unknown Source)
	at java.lang.reflect.Method.invoke(Unknown Source)
	at org.junit.runners.model.FrameworkMethod$1.runReflectiveCall(FrameworkMethod.java:50)
	at org.junit.internal.runners.model.ReflectiveCallable.run(ReflectiveCallable.java:12)
	at org.junit.runners.model.FrameworkMethod.invokeExplosively(FrameworkMethod.java:47)
	at org.junit.internal.runners.statements.InvokeMethod.evaluate(InvokeMethod.java:17)
	at org.junit.runners.ParentRunner.runLeaf(ParentRunner.java:325)
	at org.junit.runners.BlockJUnit4ClassRunner.runChild(BlockJUnit4ClassRunner.java:78)
	at org.junit.runners.BlockJUnit4ClassRunner.runChild(BlockJUnit4ClassRunner.java:57)
	at org.junit.runners.ParentRunner$3.run(ParentRunner.java:290)
	at org.junit.runners.ParentRunner$1.schedule(ParentRunner.java:71)
	at org.junit.runners.ParentRunner.runChildren(ParentRunner.java:288)
	at org.junit.runners.ParentRunner.access$000(ParentRunner.java:58)
	at org.junit.runners.ParentRunner$2.evaluate(ParentRunner.java:268)
	at org.junit.runners.ParentRunner.run(ParentRunner.java:363)
	at org.eclipse.jdt.internal.junit4.runner.JUnit4TestReference.run(JUnit4TestReference.java:86)
	at org.eclipse.jdt.internal.junit.runner.TestExecution.run(TestExecution.java:38)
	at org.eclipse.jdt.internal.junit.runner.RemoteTestRunner.runTests(RemoteTestRunner.java:459)
	at org.eclipse.jdt.internal.junit.runner.RemoteTestRunner.runTests(RemoteTestRunner.java:678)
	at org.eclipse.jdt.internal.junit.runner.RemoteTestRunner.run(RemoteTestRunner.java:382)
	at org.eclipse.jdt.internal.junit.runner.RemoteTestRunner.main(RemoteTestRunner.java:192)
"
18:10:26,100 (main) INFO  [uniandes.isis2304.superandes.test.ConexionTest] - VOYYP Probando el acceso a la base de datos con una base de datos que no existe
18:10:26,101 (main) INFO  [uniandes.isis2304.superandes.test.ConexionTest] - Se encontr贸 un archivo de configuraci贸n de tablas v谩lido
18:10:26,126 (main) INFO  [uniandes.isis2304.superandes.test.ConexionTest] - Prueba realizada exitosamente. La excepcin generada es: javax.jdo.JDOFatalUserException
18:10:26,127 (main) INFO  [uniandes.isis2304.superandes.test.ConexionTest] - La causa es: javax.jdo.JDOUserException: Has elegido un PMF con nonbre de "persistence-unit" de "Superandes" (pero no existe!) a has llamado a JDOHelper.getPersistenceManagerFactory con "Superandes" como el nombre de un archivo de propiedades (que no existe en el CLASSPATH)
NestedThrowables:
org.datanucleus.exceptions.NucleusException: No puede leer Meta-Data input "org.datanucleus.metadata.PersistenceFileMetaData cannot be cast to org.datanucleus.metadata.PersistenceUnitMetaData
java.lang.ClassCastException: org.datanucleus.metadata.PersistenceFileMetaData cannot be cast to org.datanucleus.metadata.PersistenceUnitMetaData
	at org.datanucleus.metadata.xml.PersistenceFileMetaDataHandler.startElement(PersistenceFileMetaDataHandler.java:128)
	at com.sun.org.apache.xerces.internal.parsers.AbstractSAXParser.startElement(Unknown Source)
	at com.sun.org.apache.xerces.internal.impl.XMLNSDocumentScannerImpl.scanStartElement(Unknown Source)
	at com.sun.org.apache.xerces.internal.impl.XMLNSDocumentScannerImpl$NSContentDriver.scanRootElementHook(Unknown Source)
	at com.sun.org.apache.xerces.internal.impl.XMLDocumentFragmentScannerImpl$FragmentContentDriver.next(Unknown Source)
	at com.sun.org.apache.xerces.internal.impl.XMLDocumentScannerImpl$PrologDriver.next(Unknown Source)
	at com.sun.org.apache.xerces.internal.impl.XMLDocumentScannerImpl.next(Unknown Source)
	at com.sun.org.apache.xerces.internal.impl.XMLNSDocumentScannerImpl.next(Unknown Source)
	at com.sun.org.apache.xerces.internal.impl.XMLDocumentFragmentScannerImpl.scanDocument(Unknown Source)
	at com.sun.org.apache.xerces.internal.parsers.XML11Configuration.parse(Unknown Source)
	at com.sun.org.apache.xerces.internal.parsers.XML11Configuration.parse(Unknown Source)
	at com.sun.org.apache.xerces.internal.parsers.XMLParser.parse(Unknown Source)
	at com.sun.org.apache.xerces.internal.parsers.AbstractSAXParser.parse(Unknown Source)
	at com.sun.org.apache.xerces.internal.jaxp.SAXParserImpl$JAXPSAXParser.parse(Unknown Source)
	at com.sun.org.apache.xerces.internal.jaxp.SAXParserImpl.parse(Unknown Source)
	at javax.xml.parsers.SAXParser.parse(Unknown Source)
	at org.datanucleus.metadata.xml.MetaDataParser.parseMetaDataStream(MetaDataParser.java:290)
	at org.datanucleus.metadata.xml.MetaDataParser.parseMetaDataURL(MetaDataParser.java:190)
	at org.datanucleus.metadata.MetaDataUtils.parsePersistenceFiles(MetaDataUtils.java:848)
	at org.datanucleus.metadata.MetaDataUtils.getMetaDataForPersistenceUnit(MetaDataUtils.java:873)
	at org.datanucleus.api.jdo.JDOPersistenceManagerFactory.<init>(JDOPersistenceManagerFactory.java:476)
	at org.datanucleus.api.jdo.JDOPersistenceManagerFactory.createPersistenceManagerFactory(JDOPersistenceManagerFactory.java:316)
	at org.datanucleus.api.jdo.JDOPersistenceManagerFactory.getPersistenceManagerFactory(JDOPersistenceManagerFactory.java:225)
	at sun.reflect.NativeMethodAccessorImpl.invoke0(Native Method)
	at sun.reflect.NativeMethodAccessorImpl.invoke(Unknown Source)
	at sun.reflect.DelegatingMethodAccessorImpl.invoke(Unknown Source)
	at java.lang.reflect.Method.invoke(Unknown Source)
	at javax.jdo.JDOHelper$16.run(JDOHelper.java:1975)
	at java.security.AccessController.doPrivileged(Native Method)
	at javax.jdo.JDOHelper.invoke(JDOHelper.java:1970)
	at javax.jdo.JDOHelper.invokeGetPersistenceManagerFactoryOnImplementation(JDOHelper.java:1177)
	at javax.jdo.JDOHelper.getPersistenceManagerFactory(JDOHelper.java:851)
	at javax.jdo.JDOHelper.getPersistenceManagerFactory(JDOHelper.java:1109)
	at javax.jdo.JDOHelper.getPersistenceManagerFactory(JDOHelper.java:924)
	at uniandes.isis2304.superandes.persistencia.PersistenciaSuperandes.<init>(PersistenciaSuperandes.java:106)
	at uniandes.isis2304.superandes.persistencia.PersistenciaSuperandes.getInstance(PersistenciaSuperandes.java:130)
	at uniandes.isis2304.superandes.negocio.Superandes.<init>(Superandes.java:50)
	at uniandes.isis2304.superandes.test.ConexionTest.baseDatosInaccesible(ConexionTest.java:76)
	at sun.reflect.NativeMethodAccessorImpl.invoke0(Native Method)
	at sun.reflect.NativeMethodAccessorImpl.invoke(Unknown Source)
	at sun.reflect.DelegatingMethodAccessorImpl.invoke(Unknown Source)
	at java.lang.reflect.Method.invoke(Unknown Source)
	at org.junit.runners.model.FrameworkMethod$1.runReflectiveCall(FrameworkMethod.java:50)
	at org.junit.internal.runners.model.ReflectiveCallable.run(ReflectiveCallable.java:12)
	at org.junit.runners.model.FrameworkMethod.invokeExplosively(FrameworkMethod.java:47)
	at org.junit.internal.runners.statements.InvokeMethod.evaluate(InvokeMethod.java:17)
	at org.junit.runners.ParentRunner.runLeaf(ParentRunner.java:325)
	at org.junit.runners.BlockJUnit4ClassRunner.runChild(BlockJUnit4ClassRunner.java:78)
	at org.junit.runners.BlockJUnit4ClassRunner.runChild(BlockJUnit4ClassRunner.java:57)
	at org.junit.runners.ParentRunner$3.run(ParentRunner.java:290)
	at org.junit.runners.ParentRunner$1.schedule(ParentRunner.java:71)
	at org.junit.runners.ParentRunner.runChildren(ParentRunner.java:288)
	at org.junit.runners.ParentRunner.access$000(ParentRunner.java:58)
	at org.junit.runners.ParentRunner$2.evaluate(ParentRunner.java:268)
	at org.junit.runners.ParentRunner.run(ParentRunner.java:363)
	at org.eclipse.jdt.internal.junit4.runner.JUnit4TestReference.run(JUnit4TestReference.java:86)
	at org.eclipse.jdt.internal.junit.runner.TestExecution.run(TestExecution.java:38)
	at org.eclipse.jdt.internal.junit.runner.RemoteTestRunner.runTests(RemoteTestRunner.java:459)
	at org.eclipse.jdt.internal.junit.runner.RemoteTestRunner.runTests(RemoteTestRunner.java:678)
	at org.eclipse.jdt.internal.junit.runner.RemoteTestRunner.run(RemoteTestRunner.java:382)
	at org.eclipse.jdt.internal.junit.runner.RemoteTestRunner.main(RemoteTestRunner.java:192)
"
18:11:58,333 (main) INFO  [uniandes.isis2304.superandes.test.ConexionTest] - Probando el acceso a la base de datos con datos v谩lidos (BD, credenciales, esquema
18:11:58,386 (main) INFO  [uniandes.isis2304.superandes.test.ConexionTest] - Se encontr贸 un archivo de configuraci贸n de tablas v谩lido
18:11:59,671 (main) INFO  [uniandes.isis2304.superandes.test.ConexionTest] - Conexi贸n realizada correstamente
18:11:59,671 (main) INFO  [uniandes.isis2304.superandes.test.ConexionTest] - Cerrando la conexi贸n
18:11:59,674 (main) INFO  [uniandes.isis2304.superandes.test.ConexionTest] - Conexi贸n cerrada
18:11:59,674 (main) INFO  [uniandes.isis2304.superandes.test.ConexionTest] - VOYYP Probando el acceso a la base de datos con una base de datos que no existe
18:11:59,675 (main) INFO  [uniandes.isis2304.superandes.test.ConexionTest] - Se encontr贸 un archivo de configuraci贸n de tablas v谩lido
18:14:52,607 (main) INFO  [uniandes.isis2304.superandes.test.ConexionTest] - Probando el acceso a la base de datos con datos v谩lidos (BD, credenciales, esquema
18:14:52,658 (main) INFO  [uniandes.isis2304.superandes.test.ConexionTest] - Se encontr贸 un archivo de configuraci贸n de tablas v谩lido
18:14:53,927 (main) INFO  [uniandes.isis2304.superandes.test.ConexionTest] - Conexi贸n realizada correstamente
18:14:53,927 (main) INFO  [uniandes.isis2304.superandes.test.ConexionTest] - Cerrando la conexi贸n
18:14:53,930 (main) INFO  [uniandes.isis2304.superandes.test.ConexionTest] - Conexi贸n cerrada
